<?xml version="1.0" encoding="UTF-8"?>
<!-- Generated by org.testng.reporters.JUnitXMLReporter -->
<testsuite ignored="0" hostname="DESKTOP-6UICLU7" failures="0" tests="4" name="Test" time="0.153" errors="0" timestamp="2022-04-19T12:54:02 BDT">
  <testcase classname="mycompany.SeleniumTest" name="BrowserAutomation" time="0.009"/>
  <testcase classname="mycompany.SeleniumTest" name="elementsUi" time="0.002"/>
  <testcase classname="mycompany.AppiumTest" name="IOSApps" time="0.001"/>
  <testcase classname="mycompany.AppiumTest" name="NativeAppAndroid" time="0.001"/>
</testsuite> <!-- Test -->
