<?xml version="1.0" encoding="UTF-8"?>
<!-- Generated by org.testng.reporters.JUnitXMLReporter -->
<testsuite hostname="DESKTOP-6UICLU7" ignored="0" name="Test" tests="6" failures="0" timestamp="10 Apr 2022 09:27:17 GMT" time="0.137" errors="0">
  <testcase name="BrowserAutomation" time="0.051" classname="mycompany.SeleniumTest"/>
  <testcase name="elementsUi" time="0.005" classname="mycompany.SeleniumTest"/>
  <testcase name="IOSApps" time="0.0" classname="mycompany.AppiumTest"/>
  <testcase name="NativeAppAndroid" time="0.001" classname="mycompany.AppiumTest"/>
  <testcase name="deleteTwitter" time="0.001" classname="mycompany.RESTAPITest"/>
  <testcase name="postJira" time="0.019" classname="mycompany.RESTAPITest"/>
</testsuite> <!-- Test -->
