<?xml version="1.0" encoding="UTF-8"?>
<testng-results skipped="0" failed="0" ignored="0" total="6" passed="6">
  <reporter-output>
  </reporter-output>
  <suite name="Suite" duration-ms="137" started-at="2022-04-10T09:27:17Z" finished-at="2022-04-10T09:27:17Z">
    <groups>
    </groups>
    <test name="Test" duration-ms="137" started-at="2022-04-10T09:27:17Z" finished-at="2022-04-10T09:27:17Z">
      <class name="mycompany.SeleniumTest">
        <test-method status="PASS" signature="BrowserAutomation()[pri:0, instance:mycompany.SeleniumTest@61009542]" name="BrowserAutomation" duration-ms="51" started-at="2022-04-10T15:27:17Z" finished-at="2022-04-10T15:27:17Z">
          <reporter-output>
          </reporter-output>
        </test-method> <!-- BrowserAutomation -->
        <test-method status="PASS" signature="elementsUi()[pri:0, instance:mycompany.SeleniumTest@61009542]" name="elementsUi" duration-ms="5" started-at="2022-04-10T15:27:17Z" finished-at="2022-04-10T15:27:17Z">
          <reporter-output>
          </reporter-output>
        </test-method> <!-- elementsUi -->
      </class> <!-- mycompany.SeleniumTest -->
      <class name="mycompany.AppiumTest">
        <test-method status="PASS" signature="IOSApps()[pri:0, instance:mycompany.AppiumTest@1a38c59b]" name="IOSApps" duration-ms="0" started-at="2022-04-10T15:27:17Z" finished-at="2022-04-10T15:27:17Z">
          <reporter-output>
          </reporter-output>
        </test-method> <!-- IOSApps -->
        <test-method status="PASS" signature="NativeAppAndroid()[pri:0, instance:mycompany.AppiumTest@1a38c59b]" name="NativeAppAndroid" duration-ms="1" started-at="2022-04-10T15:27:17Z" finished-at="2022-04-10T15:27:17Z">
          <reporter-output>
          </reporter-output>
        </test-method> <!-- NativeAppAndroid -->
      </class> <!-- mycompany.AppiumTest -->
      <class name="mycompany.RESTAPITest">
        <test-method status="PASS" signature="deleteTwitter()[pri:0, instance:mycompany.RESTAPITest@7f77e91b]" name="deleteTwitter" duration-ms="1" started-at="2022-04-10T15:27:17Z" finished-at="2022-04-10T15:27:17Z">
          <reporter-output>
          </reporter-output>
        </test-method> <!-- deleteTwitter -->
        <test-method status="PASS" signature="postJira()[pri:0, instance:mycompany.RESTAPITest@7f77e91b]" name="postJira" duration-ms="19" started-at="2022-04-10T15:27:17Z" finished-at="2022-04-10T15:27:17Z">
          <reporter-output>
          </reporter-output>
        </test-method> <!-- postJira -->
      </class> <!-- mycompany.RESTAPITest -->
    </test> <!-- Test -->
  </suite> <!-- Suite -->
</testng-results>
