<?xml version="1.0" encoding="UTF-8"?>
<testng-results ignored="0" total="4" passed="4" failed="0" skipped="0">
  <reporter-output>
  </reporter-output>
  <suite started-at="2022-04-19T12:54:01 BDT" name="Suite" finished-at="2022-04-19T12:54:01 BDT" duration-ms="153">
    <groups>
    </groups>
    <test started-at="2022-04-19T12:54:01 BDT" name="Test" finished-at="2022-04-19T12:54:01 BDT" duration-ms="153">
      <class name="mycompany.AppiumTest">
        <test-method signature="IOSApps()[pri:0, instance:mycompany.AppiumTest@10feca44]" started-at="2022-04-19T12:54:01 BDT" name="IOSApps" finished-at="2022-04-19T12:54:01 BDT" duration-ms="1" status="PASS">
          <reporter-output>
          </reporter-output>
        </test-method> <!-- IOSApps -->
        <test-method signature="NativeAppAndroid()[pri:0, instance:mycompany.AppiumTest@10feca44]" started-at="2022-04-19T12:54:01 BDT" name="NativeAppAndroid" finished-at="2022-04-19T12:54:01 BDT" duration-ms="1" status="PASS">
          <reporter-output>
          </reporter-output>
        </test-method> <!-- NativeAppAndroid -->
      </class> <!-- mycompany.AppiumTest -->
      <class name="mycompany.SeleniumTest">
        <test-method signature="BrowserAutomation()[pri:0, instance:mycompany.SeleniumTest@10163d6]" started-at="2022-04-19T12:54:01 BDT" name="BrowserAutomation" finished-at="2022-04-19T12:54:01 BDT" duration-ms="9" status="PASS">
          <reporter-output>
          </reporter-output>
        </test-method> <!-- BrowserAutomation -->
        <test-method signature="elementsUi()[pri:0, instance:mycompany.SeleniumTest@10163d6]" started-at="2022-04-19T12:54:01 BDT" name="elementsUi" finished-at="2022-04-19T12:54:01 BDT" duration-ms="2" status="PASS">
          <reporter-output>
          </reporter-output>
        </test-method> <!-- elementsUi -->
      </class> <!-- mycompany.SeleniumTest -->
    </test> <!-- Test -->
  </suite> <!-- Suite -->
</testng-results>
